# JRE version: Java(TM) SE Runtime Environment (8.0_201-b09) (build 1.8.0_201-b09)
# Java VM: Java HotSpot(TM) 64-Bit Server VM (25.201-b09 mixed mode windows-amd64 compressed oops)
Heap:
 PSYoungGen      total 223744K, used 107972K [0x00000000d5a00000, 0x00000000e4500000, 0x0000000100000000)
  eden space 208384K, 51% used [0x00000000d5a00000,0x00000000dc3611a0,0x00000000e2580000)
  from space 15360K, 0% used [0x00000000e3500000,0x00000000e3510000,0x00000000e4400000)
  to   space 15872K, 0% used [0x00000000e2580000,0x00000000e2580000,0x00000000e3500000)
 ParOldGen       total 87552K, used 28245K [0x0000000080e00000, 0x0000000086380000, 0x00000000d5a00000)
  object space 87552K, 32% used [0x0000000080e00000,0x0000000082995480,0x0000000086380000)
 Metaspace       used 18325K, capacity 18814K, committed 18944K, reserved 1067008K
  class space    used 2091K, capacity 2231K, committed 2304K, reserved 1048576K
GC Heap History (10 events):
Event: 7.315 GC heap before
{Heap before GC invocations=6 (full 0):
 PSYoungGen      total 71680K, used 71672K [0x00000000d5a00000, 0x00000000df600000, 0x0000000100000000)
  eden space 66560K, 100% used [0x00000000d5a00000,0x00000000d9b00000,0x00000000d9b00000)
  from space 5120K, 99% used [0x00000000d9b00000,0x00000000d9ffe030,0x00000000da000000)
  to   space 13312K, 0% used [0x00000000de900000,0x00000000de900000,0x00000000df600000)
 ParOldGen       total 87552K, used 15980K [0x0000000080e00000, 0x0000000086380000, 0x00000000d5a00000)
  object space 87552K, 18% used [0x0000000080e00000,0x0000000081d9b2f0,0x0000000086380000)
 Metaspace       used 16590K, capacity 16956K, committed 17152K, reserved 1064960K
  class space    used 1920K, capacity 2020K, committed 2048K, reserved 1048576K
Event: 7.328 GC heap after
Heap after GC invocations=6 (full 0):
 PSYoungGen      total 145920K, used 10552K [0x00000000d5a00000, 0x00000000df700000, 0x0000000100000000)
  eden space 132608K, 0% used [0x00000000d5a00000,0x00000000d5a00000,0x00000000ddb80000)
  from space 13312K, 79% used [0x00000000de900000,0x00000000df34e010,0x00000000df600000)
  to   space 13824K, 0% used [0x00000000ddb80000,0x00000000ddb80000,0x00000000de900000)
 ParOldGen       total 87552K, used 15988K [0x0000000080e00000, 0x0000000086380000, 0x00000000d5a00000)
  object space 87552K, 18% used [0x0000000080e00000,0x0000000081d9d2f0,0x0000000086380000)
 Metaspace       used 16590K, capacity 16956K, committed 17152K, reserved 1064960K
  class space    used 1920K, capacity 2020K, committed 2048K, reserved 1048576K
}
Event: 11.067 GC heap before
{Heap before GC invocations=7 (full 0):
 PSYoungGen      total 145920K, used 143160K [0x00000000d5a00000, 0x00000000df700000, 0x0000000100000000)
  eden space 132608K, 100% used [0x00000000d5a00000,0x00000000ddb80000,0x00000000ddb80000)
  from space 13312K, 79% used [0x00000000de900000,0x00000000df34e010,0x00000000df600000)
  to   space 13824K, 0% used [0x00000000ddb80000,0x00000000ddb80000,0x00000000de900000)
 ParOldGen       total 87552K, used 15988K [0x0000000080e00000, 0x0000000086380000, 0x00000000d5a00000)
  object space 87552K, 18% used [0x0000000080e00000,0x0000000081d9d2f0,0x0000000086380000)
 Metaspace       used 17842K, capacity 18292K, committed 18688K, reserved 1064960K
  class space    used 2055K, capacity 2188K, committed 2304K, reserved 1048576K
Event: 11.085 GC heap after
Heap after GC invocations=7 (full 0):
 PSYoungGen      total 139776K, used 12140K [0x00000000d5a00000, 0x00000000df380000, 0x0000000100000000)
  eden space 127488K, 0% used [0x00000000d5a00000,0x00000000d5a00000,0x00000000dd680000)
  from space 12288K, 98% used [0x00000000ddb80000,0x00000000de75b098,0x00000000de780000)
  to   space 12288K, 0% used [0x00000000de780000,0x00000000de780000,0x00000000df380000)
 ParOldGen       total 87552K, used 17236K [0x0000000080e00000, 0x0000000086380000, 0x00000000d5a00000)
  object space 87552K, 19% used [0x0000000080e00000,0x0000000081ed5360,0x0000000086380000)
 Metaspace       used 17842K, capacity 18292K, committed 18688K, reserved 1064960K
  class space    used 2055K, capacity 2188K, committed 2304K, reserved 1048576K
}
Event: 11.254 GC heap before
{Heap before GC invocations=8 (full 0):
 PSYoungGen      total 139776K, used 139628K [0x00000000d5a00000, 0x00000000df380000, 0x0000000100000000)
  eden space 127488K, 100% used [0x00000000d5a00000,0x00000000dd680000,0x00000000dd680000)
  from space 12288K, 98% used [0x00000000ddb80000,0x00000000de75b098,0x00000000de780000)
  to   space 12288K, 0% used [0x00000000de780000,0x00000000de780000,0x00000000df380000)
 ParOldGen       total 87552K, used 17236K [0x0000000080e00000, 0x0000000086380000, 0x00000000d5a00000)
  object space 87552K, 19% used [0x0000000080e00000,0x0000000081ed5360,0x0000000086380000)
 Metaspace       used 17850K, capacity 18292K, committed 18688K, reserved 1064960K
  class space    used 2055K, capacity 2188K, committed 2304K, reserved 1048576K
Event: 11.262 GC heap after
Heap after GC invocations=8 (full 0):
 PSYoungGen      total 142848K, used 8112K [0x00000000d5a00000, 0x00000000e6f00000, 0x0000000100000000)
  eden space 130560K, 0% used [0x00000000d5a00000,0x00000000d5a00000,0x00000000dd980000)
  from space 12288K, 66% used [0x00000000de780000,0x00000000def6c010,0x00000000df380000)
  to   space 14336K, 0% used [0x00000000dd980000,0x00000000dd980000,0x00000000de780000)
 ParOldGen       total 87552K, used 20209K [0x0000000080e00000, 0x0000000086380000, 0x00000000d5a00000)
  object space 87552K, 23% used [0x0000000080e00000,0x00000000821bc7e0,0x0000000086380000)
 Metaspace       used 17850K, capacity 18292K, committed 18688K, reserved 1064960K
  class space    used 2055K, capacity 2188K, committed 2304K, reserved 1048576K
}
Event: 11.384 GC heap before
{Heap before GC invocations=9 (full 0):
 PSYoungGen      total 142848K, used 138672K [0x00000000d5a00000, 0x00000000e6f00000, 0x0000000100000000)
  eden space 130560K, 100% used [0x00000000d5a00000,0x00000000dd980000,0x00000000dd980000)
  from space 12288K, 66% used [0x00000000de780000,0x00000000def6c010,0x00000000df380000)
  to   space 14336K, 0% used [0x00000000dd980000,0x00000000dd980000,0x00000000de780000)
 ParOldGen       total 87552K, used 20209K [0x0000000080e00000, 0x0000000086380000, 0x00000000d5a00000)
  object space 87552K, 23% used [0x0000000080e00000,0x00000000821bc7e0,0x0000000086380000)
 Metaspace       used 17852K, capacity 18292K, committed 18688K, reserved 1064960K
  class space    used 2055K, capacity 2188K, committed 2304K, reserved 1048576K
Event: 11.397 GC heap after
Heap after GC invocations=9 (full 0):
 PSYoungGen      total 144896K, used 1968K [0x00000000d5a00000, 0x00000000e4400000, 0x0000000100000000)
  eden space 130560K, 0% used [0x00000000d5a00000,0x00000000d5a00000,0x00000000dd980000)
  from space 14336K, 13% used [0x00000000dd980000,0x00000000ddb6c010,0x00000000de780000)
  to   space 15360K, 0% used [0x00000000e3500000,0x00000000e3500000,0x00000000e4400000)
 ParOldGen       total 87552K, used 26313K [0x0000000080e00000, 0x0000000086380000, 0x00000000d5a00000)
  object space 87552K, 30% used [0x0000000080e00000,0x00000000827b27e0,0x0000000086380000)
 Metaspace       used 17852K, capacity 18292K, committed 18688K, reserved 1064960K
  class space    used 2055K, capacity 2188K, committed 2304K, reserved 1048576K
}
Event: 11.703 GC heap before
{Heap before GC invocations=10 (full 0):
 PSYoungGen      total 144896K, used 132528K [0x00000000d5a00000, 0x00000000e4400000, 0x0000000100000000)
  eden space 130560K, 100% used [0x00000000d5a00000,0x00000000dd980000,0x00000000dd980000)
  from space 14336K, 13% used [0x00000000dd980000,0x00000000ddb6c010,0x00000000de780000)
  to   space 15360K, 0% used [0x00000000e3500000,0x00000000e3500000,0x00000000e4400000)
 ParOldGen       total 87552K, used 26313K [0x0000000080e00000, 0x0000000086380000, 0x00000000d5a00000)
  object space 87552K, 30% used [0x0000000080e00000,0x00000000827b27e0,0x0000000086380000)
 Metaspace       used 17853K, capacity 18292K, committed 18688K, reserved 1064960K
  class space    used 2056K, capacity 2188K, committed 2304K, reserved 1048576K
Event: 11.707 GC heap after
Heap after GC invocations=10 (full 0):
 PSYoungGen      total 223744K, used 64K [0x00000000d5a00000, 0x00000000e4500000, 0x0000000100000000)
  eden space 208384K, 0% used [0x00000000d5a00000,0x00000000d5a00000,0x00000000e2580000)
  from space 15360K, 0% used [0x00000000e3500000,0x00000000e3510000,0x00000000e4400000)
  to   space 15872K, 0% used [0x00000000e2580000,0x00000000e2580000,0x00000000e3500000)
 ParOldGen       total 87552K, used 28245K [0x0000000080e00000, 0x0000000086380000, 0x00000000d5a00000)
  object space 87552K, 32% used [0x0000000080e00000,0x0000000082995480,0x0000000086380000)
 Metaspace       used 17853K, capacity 18292K, committed 18688K, reserved 1064960K
  class space    used 2056K, capacity 2188K, committed 2304K, reserved 1048576K
}

